running harp like
function = like
bam = /scratch/aob2x/daphnia_hwe_sims/harp_pools/bams/HT2LNDSXX_s1_D8Male1.filt.merged.mdup.bam
bamlist = 
region = Scaffold_9201_HRSCAF_10758:1-6802133
refseq = /project/berglandlab/Karen/MappingDec2019/totalHiCwithallbestgapclosed.fa
refseqlist = 
snps = /scratch/aob2x/daphnia_hwe_sims/harp_pools/priors/Scaffold_9201_HRSCAF_10758.csv
stem = /scratch/aob2x/daphnia_hwe_sims/harp_pools/out/D8Male1/D8Male1
out = /scratch/aob2x/daphnia_hwe_sims/harp_pools/out/D8Male1
hlk = /scratch/aob2x/daphnia_hwe_sims/harp_pools/out/D8Male1/D8Male1.hlk
freqs = /scratch/aob2x/daphnia_hwe_sims/harp_pools/out/D8Male1/D8Male1.freqs
verbose = 1
filename_bqi = 
min_mapping_quality = 15
window_step = 6802133
window_width = 6802133
haplotype_filter = 
em_iter = 30
em_converge = 0
em_random_start_count = 0
em_min_freq_cutoff = 0.0001

[harp_like] Initializing.
[HaplotypeReference] Warning: no SNP table index.
[harp_like] Iterating through reads.
[harp_like] Writing records.
running harp freq
[HaplotypeReference] Warning: no SNP table index.
[harp_freq] Estimating haplotype frequencies: Scaffold_9201_HRSCAF_10758:1-100000
[harp_freq] Estimating haplotype frequencies: Scaffold_9201_HRSCAF_10758:100001-200000
[harp_freq] Estimating haplotype frequencies: Scaffold_9201_HRSCAF_10758:200001-300000
slurmstepd: error: *** JOB 8459183 ON udc-ba25-32c0 CANCELLED AT 2020-01-30T08:31:17 ***
