running harp like
function = like
bam = /scratch/aob2x/daphnia_hwe_sims/harp_pools/bams/HT2LNDSXX_s1_D8Male2.filt.merged.mdup.bam
bamlist = 
region = Scaffold_2158_HRSCAF_2565:1-10278905
refseq = /project/berglandlab/Karen/MappingDec2019/totalHiCwithallbestgapclosed.fa
refseqlist = 
snps = /scratch/aob2x/daphnia_hwe_sims/harp_pools/priors/Scaffold_2158_HRSCAF_2565.csv
stem = /scratch/aob2x/daphnia_hwe_sims/harp_pools/out/D8Male2/D8Male2
out = /scratch/aob2x/daphnia_hwe_sims/harp_pools/out/D8Male2
hlk = /scratch/aob2x/daphnia_hwe_sims/harp_pools/out/D8Male2/D8Male2.hlk
freqs = /scratch/aob2x/daphnia_hwe_sims/harp_pools/out/D8Male2/D8Male2.freqs
verbose = 1
filename_bqi = 
min_mapping_quality = 15
window_step = 10278905
window_width = 10278905
haplotype_filter = 
em_iter = 30
em_converge = 0
em_random_start_count = 0
em_min_freq_cutoff = 0.0001

[harp_like] Initializing.
[HaplotypeReference] Warning: no SNP table index.
[harp_like] Iterating through reads.
[harp_like] Writing records.
running harp freq
[HaplotypeReference] Warning: no SNP table index.
[harp_freq] Estimating haplotype frequencies: Scaffold_2158_HRSCAF_2565:1-100000
[harp_freq] Estimating haplotype frequencies: Scaffold_2158_HRSCAF_2565:100001-200000
[harp_freq] Estimating haplotype frequencies: Scaffold_2158_HRSCAF_2565:200001-300000
[harp_freq] Estimating haplotype frequencies: Scaffold_2158_HRSCAF_2565:300001-400000
[harp_freq] Estimating haplotype frequencies: Scaffold_2158_HRSCAF_2565:400001-500000
[harp_freq] Estimating haplotype frequencies: Scaffold_2158_HRSCAF_2565:500001-600000
[harp_freq] Estimating haplotype frequencies: Scaffold_2158_HRSCAF_2565:600001-700000
[harp_freq] Estimating haplotype frequencies: Scaffold_2158_HRSCAF_2565:700001-800000
[harp_freq] Estimating haplotype frequencies: Scaffold_2158_HRSCAF_2565:800001-900000
[harp_freq] Estimating haplotype frequencies: Scaffold_2158_HRSCAF_2565:900001-1000000
[harp_freq] Estimating haplotype frequencies: Scaffold_2158_HRSCAF_2565:1000001-1100000
[harp_freq] Estimating haplotype frequencies: Scaffold_2158_HRSCAF_2565:1100001-1200000
[harp_freq] Estimating haplotype frequencies: Scaffold_2158_HRSCAF_2565:1200001-1300000
[harp_freq] Estimating haplotype frequencies: Scaffold_2158_HRSCAF_2565:1300001-1400000
[harp_freq] Estimating haplotype frequencies: Scaffold_2158_HRSCAF_2565:1400001-1500000
[harp_freq] Estimating haplotype frequencies: Scaffold_2158_HRSCAF_2565:1500001-1600000
[harp_freq] Estimating haplotype frequencies: Scaffold_2158_HRSCAF_2565:1600001-1700000
[harp_freq] Estimating haplotype frequencies: Scaffold_2158_HRSCAF_2565:1700001-1800000
[harp_freq] Estimating haplotype frequencies: Scaffold_2158_HRSCAF_2565:1800001-1900000
[harp_freq] Estimating haplotype frequencies: Scaffold_2158_HRSCAF_2565:1900001-2000000
[harp_freq] Estimating haplotype frequencies: Scaffold_2158_HRSCAF_2565:2000001-2100000
[harp_freq] Estimating haplotype frequencies: Scaffold_2158_HRSCAF_2565:2100001-2200000
[harp_freq] Estimating haplotype frequencies: Scaffold_2158_HRSCAF_2565:2200001-2300000
[harp_freq] Estimating haplotype frequencies: Scaffold_2158_HRSCAF_2565:2300001-2400000
[harp_freq] Estimating haplotype frequencies: Scaffold_2158_HRSCAF_2565:2400001-2500000
[harp_freq] Estimating haplotype frequencies: Scaffold_2158_HRSCAF_2565:2500001-2600000
[harp_freq] Estimating haplotype frequencies: Scaffold_2158_HRSCAF_2565:2600001-2700000
[harp_freq] Estimating haplotype frequencies: Scaffold_2158_HRSCAF_2565:2700001-2800000
[harp_freq] Estimating haplotype frequencies: Scaffold_2158_HRSCAF_2565:2800001-2900000
[harp_freq] Estimating haplotype frequencies: Scaffold_2158_HRSCAF_2565:2900001-3000000
[harp_freq] Estimating haplotype frequencies: Scaffold_2158_HRSCAF_2565:3000001-3100000
[harp_freq] Estimating haplotype frequencies: Scaffold_2158_HRSCAF_2565:3100001-3200000
[harp_freq] Estimating haplotype frequencies: Scaffold_2158_HRSCAF_2565:3200001-3300000
[harp_freq] Estimating haplotype frequencies: Scaffold_2158_HRSCAF_2565:3300001-3400000
[harp_freq] Estimating haplotype frequencies: Scaffold_2158_HRSCAF_2565:3400001-3500000
[harp_freq] Estimating haplotype frequencies: Scaffold_2158_HRSCAF_2565:3500001-3600000
[harp_freq] Estimating haplotype frequencies: Scaffold_2158_HRSCAF_2565:3600001-3700000
[harp_freq] Estimating haplotype frequencies: Scaffold_2158_HRSCAF_2565:3700001-3800000
[harp_freq] Estimating haplotype frequencies: Scaffold_2158_HRSCAF_2565:3800001-3900000
[harp_freq] Estimating haplotype frequencies: Scaffold_2158_HRSCAF_2565:3900001-4000000
[harp_freq] Estimating haplotype frequencies: Scaffold_2158_HRSCAF_2565:4000001-4100000
[harp_freq] Estimating haplotype frequencies: Scaffold_2158_HRSCAF_2565:4100001-4200000
[harp_freq] Estimating haplotype frequencies: Scaffold_2158_HRSCAF_2565:4200001-4300000
[harp_freq] Estimating haplotype frequencies: Scaffold_2158_HRSCAF_2565:4300001-4400000
[harp_freq] Estimating haplotype frequencies: Scaffold_2158_HRSCAF_2565:4400001-4500000
[harp_freq] Estimating haplotype frequencies: Scaffold_2158_HRSCAF_2565:4500001-4600000
slurmstepd: error: *** JOB 8459190 ON udc-ba25-32c1 CANCELLED AT 2020-01-30T08:31:17 ***
