running harp like
function = like
bam = /scratch/aob2x/daphnia_hwe_sims/harp_pools/bams/HT2LNDSXX_s1_D8Male1.filt.merged.mdup.bam
bamlist = 
region = Scaffold_2373_HRSCAF_2879:1-7671725
refseq = /project/berglandlab/Karen/MappingDec2019/totalHiCwithallbestgapclosed.fa
refseqlist = 
snps = /scratch/aob2x/daphnia_hwe_sims/harp_pools/priors/Scaffold_2373_HRSCAF_2879.csv
stem = /scratch/aob2x/daphnia_hwe_sims/harp_pools/out/D8Male1/D8Male1
out = /scratch/aob2x/daphnia_hwe_sims/harp_pools/out/D8Male1
hlk = /scratch/aob2x/daphnia_hwe_sims/harp_pools/out/D8Male1/D8Male1.hlk
freqs = /scratch/aob2x/daphnia_hwe_sims/harp_pools/out/D8Male1/D8Male1.freqs
verbose = 1
filename_bqi = 
min_mapping_quality = 15
window_step = 7671725
window_width = 7671725
haplotype_filter = 
em_iter = 30
em_converge = 0
em_random_start_count = 0
em_min_freq_cutoff = 0.0001

[harp_like] Initializing.
[HaplotypeReference] Warning: no SNP table index.
[harp_like] Iterating through reads.
[harp_like] Writing records.
running harp freq
[HaplotypeLikelihoodRecords] Unable to open file /scratch/aob2x/daphnia_hwe_sims/harp_pools/out/D8Male1/D8Male1.hlk
