running harp like
function = like
bam = /scratch/aob2x/daphnia_hwe_sims/harp_pools/bams/HT2LNDSXX_s1_D8Male2.filt.merged.mdup.bam
bamlist = 
region = Scaffold_7757_HRSCAF_8726:1-11742226
refseq = /project/berglandlab/Karen/MappingDec2019/totalHiCwithallbestgapclosed.fa
refseqlist = 
snps = /scratch/aob2x/daphnia_hwe_sims/harp_pools/priors/Scaffold_7757_HRSCAF_8726.csv
stem = /scratch/aob2x/daphnia_hwe_sims/harp_pools/out/D8Male2/D8Male2
out = /scratch/aob2x/daphnia_hwe_sims/harp_pools/out/D8Male2
hlk = /scratch/aob2x/daphnia_hwe_sims/harp_pools/out/D8Male2/D8Male2.hlk
freqs = /scratch/aob2x/daphnia_hwe_sims/harp_pools/out/D8Male2/D8Male2.freqs
verbose = 1
filename_bqi = 
min_mapping_quality = 15
window_step = 11742226
window_width = 11742226
haplotype_filter = 
em_iter = 30
em_converge = 0
em_random_start_count = 0
em_min_freq_cutoff = 0.0001

[harp_like] Initializing.
[HaplotypeReference] Warning: no SNP table index.
slurmstepd: error: *** JOB 8459203 ON udc-ba25-32c1 CANCELLED AT 2020-01-30T08:31:17 ***
