running harp like
function = like
bam = /scratch/aob2x/daphnia_hwe_sims/harp_pools/bams/HT2LNDSXX_s1_D8Male1.filt.merged.mdup.bam
bamlist = 
region = Scaffold_9200_HRSCAF_10757:1-10314646
refseq = /project/berglandlab/Karen/MappingDec2019/totalHiCwithallbestgapclosed.fa
refseqlist = 
snps = /scratch/aob2x/daphnia_hwe_sims/harp_pools/priors/Scaffold_9200_HRSCAF_10757.csv
stem = /scratch/aob2x/daphnia_hwe_sims/harp_pools/out/D8Male1/D8Male1
out = /scratch/aob2x/daphnia_hwe_sims/harp_pools/out/D8Male1
hlk = /scratch/aob2x/daphnia_hwe_sims/harp_pools/out/D8Male1/D8Male1.hlk
freqs = /scratch/aob2x/daphnia_hwe_sims/harp_pools/out/D8Male1/D8Male1.freqs
verbose = 1
filename_bqi = 
min_mapping_quality = 15
window_step = 10314646
window_width = 10314646
haplotype_filter = 
em_iter = 30
em_converge = 0
em_random_start_count = 0
em_min_freq_cutoff = 0.0001

[harp_like] Initializing.
[HaplotypeReference] Warning: no SNP table index.
slurmstepd: error: *** JOB 8459182 ON udc-ba25-32c0 CANCELLED AT 2020-01-30T08:31:17 ***
