running harp like
function = like
bam = /scratch/aob2x/daphnia_hwe_sims/harp_pools/bams/HT2LNDSXX_s1_D8Male1.filt.merged.mdup.bam
bamlist = 
region = Scaffold_9197_HRSCAF_10753:1-9142991
refseq = /project/berglandlab/Karen/MappingDec2019/totalHiCwithallbestgapclosed.fa
refseqlist = 
snps = /scratch/aob2x/daphnia_hwe_sims/harp_pools/priors/Scaffold_9197_HRSCAF_10753.csv
stem = /scratch/aob2x/daphnia_hwe_sims/harp_pools/out/D8Male1/D8Male1
out = /scratch/aob2x/daphnia_hwe_sims/harp_pools/out/D8Male1
hlk = /scratch/aob2x/daphnia_hwe_sims/harp_pools/out/D8Male1/D8Male1.hlk
freqs = /scratch/aob2x/daphnia_hwe_sims/harp_pools/out/D8Male1/D8Male1.freqs
verbose = 1
filename_bqi = 
min_mapping_quality = 15
window_step = 9142991
window_width = 9142991
haplotype_filter = 
em_iter = 30
em_converge = 0
em_random_start_count = 0
em_min_freq_cutoff = 0.0001

[harp_like] Initializing.
[HaplotypeReference] Warning: no SNP table index.
[harp_like] Iterating through reads.
[harp_like] Writing records.
running harp freq
[HaplotypeReference] Warning: no SNP table index.
[harp_freq] Estimating haplotype frequencies: Scaffold_9197_HRSCAF_10753:1-100000
[harp_freq] Estimating haplotype frequencies: Scaffold_9197_HRSCAF_10753:100001-200000
[harp_freq] Estimating haplotype frequencies: Scaffold_9197_HRSCAF_10753:200001-300000
[harp_freq] Estimating haplotype frequencies: Scaffold_9197_HRSCAF_10753:300001-400000
[harp_freq] Estimating haplotype frequencies: Scaffold_9197_HRSCAF_10753:400001-500000
[harp_freq] Estimating haplotype frequencies: Scaffold_9197_HRSCAF_10753:500001-600000
[harp_freq] Estimating haplotype frequencies: Scaffold_9197_HRSCAF_10753:600001-700000
[harp_freq] Estimating haplotype frequencies: Scaffold_9197_HRSCAF_10753:700001-800000
[harp_freq] Estimating haplotype frequencies: Scaffold_9197_HRSCAF_10753:800001-900000
[harp_freq] Estimating haplotype frequencies: Scaffold_9197_HRSCAF_10753:900001-1000000
slurmstepd: error: *** JOB 8459174 ON udc-ba25-13c0 CANCELLED AT 2020-01-30T08:31:17 ***
