The project is saved into :
  

To load the project, use:
 project = load.snmfProject("")

To remove the project, use:
 remove.snmfProject("")

[1] 802398869
[1] "*************************************"
[1] "*          create.dataset            *"
[1] "*************************************"
summary of the options:

        -n (number of individuals)                 177
        -L (number of loci)                        2399653
        -s (seed random init)                      802398869
        -r (percentage of masked data)             0.05
        -x (genotype file in .geno format)         /sfs/lustre/bahamut/scratch/aob2x/daphnia_hwe_sims/daps4lea.geno
        -o (output file in .geno format)           /sfs/lustre/bahamut/scratch/aob2x/daphnia_hwe_sims/daps4lea.snmf/masked/daps4lea_I.geno

 Write genotype file with masked data, /sfs/lustre/bahamut/scratch/aob2x/daphnia_hwe_sims/daps4lea.snmf/masked/daps4lea_I.geno:		OK.

[1] "*************************************"
[1] "* sNMF K = 1  repetition 1      *"
[1] "*************************************"
summary of the options:

        -n (number of individuals)             177
        -L (number of loci)                    2399653
        -K (number of ancestral pops)          1
        -x (input file)                        /sfs/lustre/bahamut/scratch/aob2x/daphnia_hwe_sims/daps4lea.snmf/masked/daps4lea_I.geno
        -q (individual admixture file)         /sfs/lustre/bahamut/scratch/aob2x/daphnia_hwe_sims/daps4lea.snmf/K1/run1/daps4lea_r1.1.Q
        -g (ancestral frequencies file)        /sfs/lustre/bahamut/scratch/aob2x/daphnia_hwe_sims/daps4lea.snmf/K1/run1/daps4lea_r1.1.G
        -i (number max of iterations)          200
        -a (regularization parameter)          10
        -s (seed random init)                  802398869
        -e (tolerance error)                   1E-05
        -p (number of processes)               10
        - diploid

Read genotype file /sfs/lustre/bahamut/scratch/aob2x/daphnia_hwe_sims/daps4lea.snmf/masked/daps4lea_I.geno:		OK.


Main algorithm:

Least-square error: 25536965.434182
Write individual ancestry coefficient file /sfs/lustre/bahamut/scratch/aob2x/daphnia_hwe_sims/daps4lea.snmf/K1/run1/daps4lea_r1.1.Q:		OK.
Write ancestral allele frequency coefficient file /sfs/lustre/bahamut/scratch/aob2x/daphnia_hwe_sims/daps4lea.snmf/K1/run1/daps4lea_r1.1.G:	OK.

[1] "*************************************"
[1] "*    cross-entropy estimation       *"
[1] "*************************************"
summary of the options:

        -n (number of individuals)         177
        -L (number of loci)                2399653
        -K (number of ancestral pops)      1
        -x (genotype file)                 /sfs/lustre/bahamut/scratch/aob2x/daphnia_hwe_sims/daps4lea.geno
        -q (individual admixture)          /sfs/lustre/bahamut/scratch/aob2x/daphnia_hwe_sims/daps4lea.snmf/K1/run1/daps4lea_r1.1.Q
        -g (ancestral frequencies)         /sfs/lustre/bahamut/scratch/aob2x/daphnia_hwe_sims/daps4lea.snmf/K1/run1/daps4lea_r1.1.G
        -i (with masked genotypes)         /sfs/lustre/bahamut/scratch/aob2x/daphnia_hwe_sims/daps4lea.snmf/masked/daps4lea_I.geno
        - diploid

Cross-Entropy (all data):	 0.112729
Cross-Entropy (masked data):	 0.133088
The project is saved into :
  

To load the project, use:
 project = load.snmfProject("")

To remove the project, use:
 remove.snmfProject("")

[1] "*************************************"
[1] "* sNMF K = 2  repetition 1      *"
[1] "*************************************"
summary of the options:

        -n (number of individuals)             177
        -L (number of loci)                    2399653
        -K (number of ancestral pops)          2
        -x (input file)                        /sfs/lustre/bahamut/scratch/aob2x/daphnia_hwe_sims/daps4lea.snmf/masked/daps4lea_I.geno
        -q (individual admixture file)         /sfs/lustre/bahamut/scratch/aob2x/daphnia_hwe_sims/daps4lea.snmf/K2/run1/daps4lea_r1.2.Q
        -g (ancestral frequencies file)        /sfs/lustre/bahamut/scratch/aob2x/daphnia_hwe_sims/daps4lea.snmf/K2/run1/daps4lea_r1.2.G
        -i (number max of iterations)          200
        -a (regularization parameter)          10
        -s (seed random init)                  802398869
        -e (tolerance error)                   1E-05
        -p (number of processes)               10
        - diploid

Read genotype file /sfs/lustre/bahamut/scratch/aob2x/daphnia_hwe_sims/daps4lea.snmf/masked/daps4lea_I.geno:		OK.


Main algorithm:
	[                                                                           ]
	[==========================]
Number of iterations: 69

Least-square error: 24337168.089813
Write individual ancestry coefficient file /sfs/lustre/bahamut/scratch/aob2x/daphnia_hwe_sims/daps4lea.snmf/K2/run1/daps4lea_r1.2.Q:		OK.
Write ancestral allele frequency coefficient file /sfs/lustre/bahamut/scratch/aob2x/daphnia_hwe_sims/daps4lea.snmf/K2/run1/daps4lea_r1.2.G:	OK.

[1] "*************************************"
[1] "*    cross-entropy estimation       *"
[1] "*************************************"
summary of the options:

        -n (number of individuals)         177
        -L (number of loci)                2399653
        -K (number of ancestral pops)      2
        -x (genotype file)                 /sfs/lustre/bahamut/scratch/aob2x/daphnia_hwe_sims/daps4lea.geno
        -q (individual admixture)          /sfs/lustre/bahamut/scratch/aob2x/daphnia_hwe_sims/daps4lea.snmf/K2/run1/daps4lea_r1.2.Q
        -g (ancestral frequencies)         /sfs/lustre/bahamut/scratch/aob2x/daphnia_hwe_sims/daps4lea.snmf/K2/run1/daps4lea_r1.2.G
        -i (with masked genotypes)         /sfs/lustre/bahamut/scratch/aob2x/daphnia_hwe_sims/daps4lea.snmf/masked/daps4lea_I.geno
        - diploid

Cross-Entropy (all data):	 0.104357
Cross-Entropy (masked data):	 0.130607
The project is saved into :
  

To load the project, use:
 project = load.snmfProject("")

To remove the project, use:
 remove.snmfProject("")

[1] "*************************************"
[1] "* sNMF K = 3  repetition 1      *"
[1] "*************************************"
summary of the options:

        -n (number of individuals)             177
        -L (number of loci)                    2399653
        -K (number of ancestral pops)          3
        -x (input file)                        /sfs/lustre/bahamut/scratch/aob2x/daphnia_hwe_sims/daps4lea.snmf/masked/daps4lea_I.geno
        -q (individual admixture file)         /sfs/lustre/bahamut/scratch/aob2x/daphnia_hwe_sims/daps4lea.snmf/K3/run1/daps4lea_r1.3.Q
        -g (ancestral frequencies file)        /sfs/lustre/bahamut/scratch/aob2x/daphnia_hwe_sims/daps4lea.snmf/K3/run1/daps4lea_r1.3.G
        -i (number max of iterations)          200
        -a (regularization parameter)          10
        -s (seed random init)                  802398869
        -e (tolerance error)                   1E-05
        -p (number of processes)               10
        - diploid

Read genotype file /sfs/lustre/bahamut/scratch/aob2x/daphnia_hwe_sims/daps4lea.snmf/masked/daps4lea_I.geno:		OK.


Main algorithm:
	[                                                                           ]
	[====================]
Number of iterations: 54

Least-square error: 23586933.481270
Write individual ancestry coefficient file /sfs/lustre/bahamut/scratch/aob2x/daphnia_hwe_sims/daps4lea.snmf/K3/run1/daps4lea_r1.3.Q:		OK.
Write ancestral allele frequency coefficient file /sfs/lustre/bahamut/scratch/aob2x/daphnia_hwe_sims/daps4lea.snmf/K3/run1/daps4lea_r1.3.G:	OK.

[1] "*************************************"
[1] "*    cross-entropy estimation       *"
[1] "*************************************"
summary of the options:

        -n (number of individuals)         177
        -L (number of loci)                2399653
        -K (number of ancestral pops)      3
        -x (genotype file)                 /sfs/lustre/bahamut/scratch/aob2x/daphnia_hwe_sims/daps4lea.geno
        -q (individual admixture)          /sfs/lustre/bahamut/scratch/aob2x/daphnia_hwe_sims/daps4lea.snmf/K3/run1/daps4lea_r1.3.Q
        -g (ancestral frequencies)         /sfs/lustre/bahamut/scratch/aob2x/daphnia_hwe_sims/daps4lea.snmf/K3/run1/daps4lea_r1.3.G
        -i (with masked genotypes)         /sfs/lustre/bahamut/scratch/aob2x/daphnia_hwe_sims/daps4lea.snmf/masked/daps4lea_I.geno
        - diploid

Cross-Entropy (all data):	 0.0989383
Cross-Entropy (masked data):	 0.130006
The project is saved into :
  

To load the project, use:
 project = load.snmfProject("")

To remove the project, use:
 remove.snmfProject("")

[1] "*************************************"
[1] "* sNMF K = 4  repetition 1      *"
[1] "*************************************"
summary of the options:

        -n (number of individuals)             177
        -L (number of loci)                    2399653
        -K (number of ancestral pops)          4
        -x (input file)                        /sfs/lustre/bahamut/scratch/aob2x/daphnia_hwe_sims/daps4lea.snmf/masked/daps4lea_I.geno
        -q (individual admixture file)         /sfs/lustre/bahamut/scratch/aob2x/daphnia_hwe_sims/daps4lea.snmf/K4/run1/daps4lea_r1.4.Q
        -g (ancestral frequencies file)        /sfs/lustre/bahamut/scratch/aob2x/daphnia_hwe_sims/daps4lea.snmf/K4/run1/daps4lea_r1.4.G
        -i (number max of iterations)          200
        -a (regularization parameter)          10
        -s (seed random init)                  802398869
        -e (tolerance error)                   1E-05
        -p (number of processes)               10
        - diploid

Read genotype file /sfs/lustre/bahamut/scratch/aob2x/daphnia_hwe_sims/daps4lea.snmf/masked/daps4lea_I.geno:		OK.


Main algorithm:
	[                                                                           ]
	[===================]
Number of iterations: 52

Least-square error: 20413947.689023
Write individual ancestry coefficient file /sfs/lustre/bahamut/scratch/aob2x/daphnia_hwe_sims/daps4lea.snmf/K4/run1/daps4lea_r1.4.Q:		OK.
Write ancestral allele frequency coefficient file /sfs/lustre/bahamut/scratch/aob2x/daphnia_hwe_sims/daps4lea.snmf/K4/run1/daps4lea_r1.4.G:	OK.

[1] "*************************************"
[1] "*    cross-entropy estimation       *"
[1] "*************************************"
summary of the options:

        -n (number of individuals)         177
        -L (number of loci)                2399653
        -K (number of ancestral pops)      4
        -x (genotype file)                 /sfs/lustre/bahamut/scratch/aob2x/daphnia_hwe_sims/daps4lea.geno
        -q (individual admixture)          /sfs/lustre/bahamut/scratch/aob2x/daphnia_hwe_sims/daps4lea.snmf/K4/run1/daps4lea_r1.4.Q
        -g (ancestral frequencies)         /sfs/lustre/bahamut/scratch/aob2x/daphnia_hwe_sims/daps4lea.snmf/K4/run1/daps4lea_r1.4.G
        -i (with masked genotypes)         /sfs/lustre/bahamut/scratch/aob2x/daphnia_hwe_sims/daps4lea.snmf/masked/daps4lea_I.geno
        - diploid

Cross-Entropy (all data):	 0.0780834
Cross-Entropy (masked data):	 0.128237
The project is saved into :
  

To load the project, use:
 project = load.snmfProject("")

To remove the project, use:
 remove.snmfProject("")

[1] "*************************************"
[1] "* sNMF K = 5  repetition 1      *"
[1] "*************************************"
summary of the options:

        -n (number of individuals)             177
        -L (number of loci)                    2399653
        -K (number of ancestral pops)          5
        -x (input file)                        /sfs/lustre/bahamut/scratch/aob2x/daphnia_hwe_sims/daps4lea.snmf/masked/daps4lea_I.geno
        -q (individual admixture file)         /sfs/lustre/bahamut/scratch/aob2x/daphnia_hwe_sims/daps4lea.snmf/K5/run1/daps4lea_r1.5.Q
        -g (ancestral frequencies file)        /sfs/lustre/bahamut/scratch/aob2x/daphnia_hwe_sims/daps4lea.snmf/K5/run1/daps4lea_r1.5.G
        -i (number max of iterations)          200
        -a (regularization parameter)          10
        -s (seed random init)                  802398869
        -e (tolerance error)                   1E-05
        -p (number of processes)               10
        - diploid

Read genotype file /sfs/lustre/bahamut/scratch/aob2x/daphnia_hwe_sims/daps4lea.snmf/masked/daps4lea_I.geno:		OK.


Main algorithm:
	[                                                                           ]
	[=============]
Number of iterations: 34

Least-square error: 19641405.374228
Write individual ancestry coefficient file /sfs/lustre/bahamut/scratch/aob2x/daphnia_hwe_sims/daps4lea.snmf/K5/run1/daps4lea_r1.5.Q:		OK.
Write ancestral allele frequency coefficient file /sfs/lustre/bahamut/scratch/aob2x/daphnia_hwe_sims/daps4lea.snmf/K5/run1/daps4lea_r1.5.G:	OK.

[1] "*************************************"
[1] "*    cross-entropy estimation       *"
[1] "*************************************"
summary of the options:

        -n (number of individuals)         177
        -L (number of loci)                2399653
        -K (number of ancestral pops)      5
        -x (genotype file)                 /sfs/lustre/bahamut/scratch/aob2x/daphnia_hwe_sims/daps4lea.geno
        -q (individual admixture)          /sfs/lustre/bahamut/scratch/aob2x/daphnia_hwe_sims/daps4lea.snmf/K5/run1/daps4lea_r1.5.Q
        -g (ancestral frequencies)         /sfs/lustre/bahamut/scratch/aob2x/daphnia_hwe_sims/daps4lea.snmf/K5/run1/daps4lea_r1.5.G
        -i (with masked genotypes)         /sfs/lustre/bahamut/scratch/aob2x/daphnia_hwe_sims/daps4lea.snmf/masked/daps4lea_I.geno
        - diploid

Cross-Entropy (all data):	 0.0726491
Cross-Entropy (masked data):	 0.125521
The project is saved into :
  

To load the project, use:
 project = load.snmfProject("")

To remove the project, use:
 remove.snmfProject("")

[1] "*************************************"
[1] "* sNMF K = 6  repetition 1      *"
[1] "*************************************"
summary of the options:

        -n (number of individuals)             177
        -L (number of loci)                    2399653
        -K (number of ancestral pops)          6
        -x (input file)                        /sfs/lustre/bahamut/scratch/aob2x/daphnia_hwe_sims/daps4lea.snmf/masked/daps4lea_I.geno
        -q (individual admixture file)         /sfs/lustre/bahamut/scratch/aob2x/daphnia_hwe_sims/daps4lea.snmf/K6/run1/daps4lea_r1.6.Q
        -g (ancestral frequencies file)        /sfs/lustre/bahamut/scratch/aob2x/daphnia_hwe_sims/daps4lea.snmf/K6/run1/daps4lea_r1.6.G
        -i (number max of iterations)          200
        -a (regularization parameter)          10
        -s (seed random init)                  802398869
        -e (tolerance error)                   1E-05
        -p (number of processes)               10
        - diploid

Read genotype file /sfs/lustre/bahamut/scratch/aob2x/daphnia_hwe_sims/daps4lea.snmf/masked/daps4lea_I.geno:		OK.


Main algorithm:
	[                                                                           ]
	[=============]
Number of iterations: 34

Least-square error: 19091177.581676
Write individual ancestry coefficient file /sfs/lustre/bahamut/scratch/aob2x/daphnia_hwe_sims/daps4lea.snmf/K6/run1/daps4lea_r1.6.Q:		OK.
Write ancestral allele frequency coefficient file /sfs/lustre/bahamut/scratch/aob2x/daphnia_hwe_sims/daps4lea.snmf/K6/run1/daps4lea_r1.6.G:	OK.

[1] "*************************************"
[1] "*    cross-entropy estimation       *"
[1] "*************************************"
summary of the options:

        -n (number of individuals)         177
        -L (number of loci)                2399653
        -K (number of ancestral pops)      6
        -x (genotype file)                 /sfs/lustre/bahamut/scratch/aob2x/daphnia_hwe_sims/daps4lea.geno
        -q (individual admixture)          /sfs/lustre/bahamut/scratch/aob2x/daphnia_hwe_sims/daps4lea.snmf/K6/run1/daps4lea_r1.6.Q
        -g (ancestral frequencies)         /sfs/lustre/bahamut/scratch/aob2x/daphnia_hwe_sims/daps4lea.snmf/K6/run1/daps4lea_r1.6.G
        -i (with masked genotypes)         /sfs/lustre/bahamut/scratch/aob2x/daphnia_hwe_sims/daps4lea.snmf/masked/daps4lea_I.geno
        - diploid

Cross-Entropy (all data):	 0.0701711
Cross-Entropy (masked data):	 0.12379
The project is saved into :
  

To load the project, use:
 project = load.snmfProject("")

To remove the project, use:
 remove.snmfProject("")

[1] "*************************************"
[1] "* sNMF K = 7  repetition 1      *"
[1] "*************************************"
summary of the options:

        -n (number of individuals)             177
        -L (number of loci)                    2399653
        -K (number of ancestral pops)          7
        -x (input file)                        /sfs/lustre/bahamut/scratch/aob2x/daphnia_hwe_sims/daps4lea.snmf/masked/daps4lea_I.geno
        -q (individual admixture file)         /sfs/lustre/bahamut/scratch/aob2x/daphnia_hwe_sims/daps4lea.snmf/K7/run1/daps4lea_r1.7.Q
        -g (ancestral frequencies file)        /sfs/lustre/bahamut/scratch/aob2x/daphnia_hwe_sims/daps4lea.snmf/K7/run1/daps4lea_r1.7.G
        -i (number max of iterations)          200
        -a (regularization parameter)          10
        -s (seed random init)                  802398869
        -e (tolerance error)                   1E-05
        -p (number of processes)               10
        - diploid

Read genotype file /sfs/lustre/bahamut/scratch/aob2x/daphnia_hwe_sims/daps4lea.snmf/masked/daps4lea_I.geno:		OK.


Main algorithm:
	[                                                                           ]
	[=============]
Number of iterations: 34

Least-square error: 18669664.106343
Write individual ancestry coefficient file /sfs/lustre/bahamut/scratch/aob2x/daphnia_hwe_sims/daps4lea.snmf/K7/run1/daps4lea_r1.7.Q:		OK.
Write ancestral allele frequency coefficient file /sfs/lustre/bahamut/scratch/aob2x/daphnia_hwe_sims/daps4lea.snmf/K7/run1/daps4lea_r1.7.G:	OK.

[1] "*************************************"
[1] "*    cross-entropy estimation       *"
[1] "*************************************"
summary of the options:

        -n (number of individuals)         177
        -L (number of loci)                2399653
        -K (number of ancestral pops)      7
        -x (genotype file)                 /sfs/lustre/bahamut/scratch/aob2x/daphnia_hwe_sims/daps4lea.geno
        -q (individual admixture)          /sfs/lustre/bahamut/scratch/aob2x/daphnia_hwe_sims/daps4lea.snmf/K7/run1/daps4lea_r1.7.Q
        -g (ancestral frequencies)         /sfs/lustre/bahamut/scratch/aob2x/daphnia_hwe_sims/daps4lea.snmf/K7/run1/daps4lea_r1.7.G
        -i (with masked genotypes)         /sfs/lustre/bahamut/scratch/aob2x/daphnia_hwe_sims/daps4lea.snmf/masked/daps4lea_I.geno
        - diploid

Cross-Entropy (all data):	 0.0682656
Cross-Entropy (masked data):	 0.122703
The project is saved into :
  

To load the project, use:
 project = load.snmfProject("")

To remove the project, use:
 remove.snmfProject("")

[1] "*************************************"
[1] "* sNMF K = 8  repetition 1      *"
[1] "*************************************"
summary of the options:

        -n (number of individuals)             177
        -L (number of loci)                    2399653
        -K (number of ancestral pops)          8
        -x (input file)                        /sfs/lustre/bahamut/scratch/aob2x/daphnia_hwe_sims/daps4lea.snmf/masked/daps4lea_I.geno
        -q (individual admixture file)         /sfs/lustre/bahamut/scratch/aob2x/daphnia_hwe_sims/daps4lea.snmf/K8/run1/daps4lea_r1.8.Q
        -g (ancestral frequencies file)        /sfs/lustre/bahamut/scratch/aob2x/daphnia_hwe_sims/daps4lea.snmf/K8/run1/daps4lea_r1.8.G
        -i (number max of iterations)          200
        -a (regularization parameter)          10
        -s (seed random init)                  802398869
        -e (tolerance error)                   1E-05
        -p (number of processes)               10
        - diploid

Read genotype file /sfs/lustre/bahamut/scratch/aob2x/daphnia_hwe_sims/daps4lea.snmf/masked/daps4lea_I.geno:		OK.


Main algorithm:
	[                                                                           ]
	[=================]
Number of iterations: 45

Least-square error: 18386084.982842
Write individual ancestry coefficient file /sfs/lustre/bahamut/scratch/aob2x/daphnia_hwe_sims/daps4lea.snmf/K8/run1/daps4lea_r1.8.Q:		OK.
Write ancestral allele frequency coefficient file /sfs/lustre/bahamut/scratch/aob2x/daphnia_hwe_sims/daps4lea.snmf/K8/run1/daps4lea_r1.8.G:	OK.

[1] "*************************************"
[1] "*    cross-entropy estimation       *"
[1] "*************************************"
summary of the options:

        -n (number of individuals)         177
        -L (number of loci)                2399653
        -K (number of ancestral pops)      8
        -x (genotype file)                 /sfs/lustre/bahamut/scratch/aob2x/daphnia_hwe_sims/daps4lea.geno
        -q (individual admixture)          /sfs/lustre/bahamut/scratch/aob2x/daphnia_hwe_sims/daps4lea.snmf/K8/run1/daps4lea_r1.8.Q
        -g (ancestral frequencies)         /sfs/lustre/bahamut/scratch/aob2x/daphnia_hwe_sims/daps4lea.snmf/K8/run1/daps4lea_r1.8.G
        -i (with masked genotypes)         /sfs/lustre/bahamut/scratch/aob2x/daphnia_hwe_sims/daps4lea.snmf/masked/daps4lea_I.geno
        - diploid

Cross-Entropy (all data):	 0.0670943
Cross-Entropy (masked data):	 0.122429
The project is saved into :
  

To load the project, use:
 project = load.snmfProject("")

To remove the project, use:
 remove.snmfProject("")

[1] "*************************************"
[1] "* sNMF K = 9  repetition 1      *"
[1] "*************************************"
summary of the options:

        -n (number of individuals)             177
        -L (number of loci)                    2399653
        -K (number of ancestral pops)          9
        -x (input file)                        /sfs/lustre/bahamut/scratch/aob2x/daphnia_hwe_sims/daps4lea.snmf/masked/daps4lea_I.geno
        -q (individual admixture file)         /sfs/lustre/bahamut/scratch/aob2x/daphnia_hwe_sims/daps4lea.snmf/K9/run1/daps4lea_r1.9.Q
        -g (ancestral frequencies file)        /sfs/lustre/bahamut/scratch/aob2x/daphnia_hwe_sims/daps4lea.snmf/K9/run1/daps4lea_r1.9.G
        -i (number max of iterations)          200
        -a (regularization parameter)          10
        -s (seed random init)                  802398869
        -e (tolerance error)                   1E-05
        -p (number of processes)               10
        - diploid

Read genotype file /sfs/lustre/bahamut/scratch/aob2x/daphnia_hwe_sims/daps4lea.snmf/masked/daps4lea_I.geno:		OK.


Main algorithm:
	[                                                                           ]
	[========================]
Number of iterations: 63

Least-square error: 18154344.511688
Write individual ancestry coefficient file /sfs/lustre/bahamut/scratch/aob2x/daphnia_hwe_sims/daps4lea.snmf/K9/run1/daps4lea_r1.9.Q:		OK.
Write ancestral allele frequency coefficient file /sfs/lustre/bahamut/scratch/aob2x/daphnia_hwe_sims/daps4lea.snmf/K9/run1/daps4lea_r1.9.G:	OK.

[1] "*************************************"
[1] "*    cross-entropy estimation       *"
[1] "*************************************"
summary of the options:

        -n (number of individuals)         177
        -L (number of loci)                2399653
        -K (number of ancestral pops)      9
        -x (genotype file)                 /sfs/lustre/bahamut/scratch/aob2x/daphnia_hwe_sims/daps4lea.geno
        -q (individual admixture)          /sfs/lustre/bahamut/scratch/aob2x/daphnia_hwe_sims/daps4lea.snmf/K9/run1/daps4lea_r1.9.Q
        -g (ancestral frequencies)         /sfs/lustre/bahamut/scratch/aob2x/daphnia_hwe_sims/daps4lea.snmf/K9/run1/daps4lea_r1.9.G
        -i (with masked genotypes)         /sfs/lustre/bahamut/scratch/aob2x/daphnia_hwe_sims/daps4lea.snmf/masked/daps4lea_I.geno
        - diploid

Cross-Entropy (all data):	 0.0661196
Cross-Entropy (masked data):	 0.122199
The project is saved into :
  

To load the project, use:
 project = load.snmfProject("")

To remove the project, use:
 remove.snmfProject("")

[1] "*************************************"
[1] "* sNMF K = 10  repetition 1      *"
[1] "*************************************"
summary of the options:

        -n (number of individuals)             177
        -L (number of loci)                    2399653
        -K (number of ancestral pops)          10
        -x (input file)                        /sfs/lustre/bahamut/scratch/aob2x/daphnia_hwe_sims/daps4lea.snmf/masked/daps4lea_I.geno
        -q (individual admixture file)         /sfs/lustre/bahamut/scratch/aob2x/daphnia_hwe_sims/daps4lea.snmf/K10/run1/daps4lea_r1.10.Q
        -g (ancestral frequencies file)        /sfs/lustre/bahamut/scratch/aob2x/daphnia_hwe_sims/daps4lea.snmf/K10/run1/daps4lea_r1.10.G
        -i (number max of iterations)          200
        -a (regularization parameter)          10
        -s (seed random init)                  802398869
        -e (tolerance error)                   1E-05
        -p (number of processes)               10
        - diploid

Read genotype file /sfs/lustre/bahamut/scratch/aob2x/daphnia_hwe_sims/daps4lea.snmf/masked/daps4lea_I.geno:		OK.


Main algorithm:
	[                                                                           ]
	[===========================]
Number of iterations: 71

Least-square error: 17815427.623129
Write individual ancestry coefficient file /sfs/lustre/bahamut/scratch/aob2x/daphnia_hwe_sims/daps4lea.snmf/K10/run1/daps4lea_r1.10.Q:		OK.
Write ancestral allele frequency coefficient file /sfs/lustre/bahamut/scratch/aob2x/daphnia_hwe_sims/daps4lea.snmf/K10/run1/daps4lea_r1.10.G:	OK.

[1] "*************************************"
[1] "*    cross-entropy estimation       *"
[1] "*************************************"
summary of the options:

        -n (number of individuals)         177
        -L (number of loci)                2399653
        -K (number of ancestral pops)      10
        -x (genotype file)                 /sfs/lustre/bahamut/scratch/aob2x/daphnia_hwe_sims/daps4lea.geno
        -q (individual admixture)          /sfs/lustre/bahamut/scratch/aob2x/daphnia_hwe_sims/daps4lea.snmf/K10/run1/daps4lea_r1.10.Q
        -g (ancestral frequencies)         /sfs/lustre/bahamut/scratch/aob2x/daphnia_hwe_sims/daps4lea.snmf/K10/run1/daps4lea_r1.10.G
        -i (with masked genotypes)         /sfs/lustre/bahamut/scratch/aob2x/daphnia_hwe_sims/daps4lea.snmf/masked/daps4lea_I.geno
        - diploid

Cross-Entropy (all data):	 0.0645672
Cross-Entropy (masked data):	 0.122805
The project is saved into :
  

To load the project, use:
 project = load.snmfProject("")

To remove the project, use:
 remove.snmfProject("")

