[1] "*************************************"
[1] "* sNMF K = 1  repetition 1      *"
[1] "*************************************"
summary of the options:

        -n (number of individuals)             177
        -L (number of loci)                    510805
        -K (number of ancestral pops)          1
        -x (input file)                        /sfs/lustre/bahamut/scratch/aob2x/daphnia_hwe_sims/daps4lea.geno
        -q (individual admixture file)         /sfs/lustre/bahamut/scratch/aob2x/daphnia_hwe_sims/daps4lea.snmf/K1/run2/daps4lea_r2.1.Q
        -g (ancestral frequencies file)        /sfs/lustre/bahamut/scratch/aob2x/daphnia_hwe_sims/daps4lea.snmf/K1/run2/daps4lea_r2.1.G
        -i (number max of iterations)          200
        -a (regularization parameter)          10
        -s (seed random init)                  1663629756
        -e (tolerance error)                   1E-05
        -p (number of processes)               1
        -I (number of SNPs used to init Q)     10000
        - diploid

Read genotype file /sfs/lustre/bahamut/scratch/aob2x/daphnia_hwe_sims/daps4lea.geno:		OK.


Main algorithm:

Least-square error: 21539844.443286
Write individual ancestry coefficient file /sfs/lustre/bahamut/scratch/aob2x/daphnia_hwe_sims/daps4lea.snmf/K1/run2/daps4lea_r2.1.Q:		OK.
Write ancestral allele frequency coefficient file /sfs/lustre/bahamut/scratch/aob2x/daphnia_hwe_sims/daps4lea.snmf/K1/run2/daps4lea_r2.1.G:	OK.

The project is saved into :
  

To load the project, use:
 project = load.snmfProject("")

To remove the project, use:
 remove.snmfProject("")

[1] "*************************************"
[1] "* sNMF K = 2  repetition 1      *"
[1] "*************************************"
summary of the options:

        -n (number of individuals)             177
        -L (number of loci)                    510805
        -K (number of ancestral pops)          2
        -x (input file)                        /sfs/lustre/bahamut/scratch/aob2x/daphnia_hwe_sims/daps4lea.geno
        -q (individual admixture file)         /sfs/lustre/bahamut/scratch/aob2x/daphnia_hwe_sims/daps4lea.snmf/K2/run2/daps4lea_r2.2.Q
        -g (ancestral frequencies file)        /sfs/lustre/bahamut/scratch/aob2x/daphnia_hwe_sims/daps4lea.snmf/K2/run2/daps4lea_r2.2.G
        -i (number max of iterations)          200
        -a (regularization parameter)          10
        -s (seed random init)                  1663629756
        -e (tolerance error)                   1E-05
        -p (number of processes)               1
        -I (number of SNPs used to init Q)     10000
        - diploid

Read genotype file /sfs/lustre/bahamut/scratch/aob2x/daphnia_hwe_sims/daps4lea.geno:		OK.

Initialization of Q with a random subset of 10000 SNPs:
	[                                                                           ]
	[==============]
Number of iterations: 37

Main algorithm:
	[                                                                           ]
	[========]
Number of iterations: 21

Least-square error: 20254538.568599
Write individual ancestry coefficient file /sfs/lustre/bahamut/scratch/aob2x/daphnia_hwe_sims/daps4lea.snmf/K2/run2/daps4lea_r2.2.Q:		OK.
Write ancestral allele frequency coefficient file /sfs/lustre/bahamut/scratch/aob2x/daphnia_hwe_sims/daps4lea.snmf/K2/run2/daps4lea_r2.2.G:	OK.

The project is saved into :
  

To load the project, use:
 project = load.snmfProject("")

To remove the project, use:
 remove.snmfProject("")

[1] "*************************************"
[1] "* sNMF K = 3  repetition 1      *"
[1] "*************************************"
summary of the options:

        -n (number of individuals)             177
        -L (number of loci)                    510805
        -K (number of ancestral pops)          3
        -x (input file)                        /sfs/lustre/bahamut/scratch/aob2x/daphnia_hwe_sims/daps4lea.geno
        -q (individual admixture file)         /sfs/lustre/bahamut/scratch/aob2x/daphnia_hwe_sims/daps4lea.snmf/K3/run2/daps4lea_r2.3.Q
        -g (ancestral frequencies file)        /sfs/lustre/bahamut/scratch/aob2x/daphnia_hwe_sims/daps4lea.snmf/K3/run2/daps4lea_r2.3.G
        -i (number max of iterations)          200
        -a (regularization parameter)          10
        -s (seed random init)                  1663629756
        -e (tolerance error)                   1E-05
        -p (number of processes)               1
        -I (number of SNPs used to init Q)     10000
        - diploid

Read genotype file /sfs/lustre/bahamut/scratch/aob2x/daphnia_hwe_sims/daps4lea.geno:		OK.

Initialization of Q with a random subset of 10000 SNPs:
	[                                                                           ]
	[===============]
Number of iterations: 40

Main algorithm:
	[                                                                           ]
	[======]
Number of iterations: 16

Least-square error: 19382400.274966
Write individual ancestry coefficient file /sfs/lustre/bahamut/scratch/aob2x/daphnia_hwe_sims/daps4lea.snmf/K3/run2/daps4lea_r2.3.Q:		OK.
Write ancestral allele frequency coefficient file /sfs/lustre/bahamut/scratch/aob2x/daphnia_hwe_sims/daps4lea.snmf/K3/run2/daps4lea_r2.3.G:	OK.

The project is saved into :
  

To load the project, use:
 project = load.snmfProject("")

To remove the project, use:
 remove.snmfProject("")

[1] "*************************************"
[1] "* sNMF K = 4  repetition 1      *"
[1] "*************************************"
summary of the options:

        -n (number of individuals)             177
        -L (number of loci)                    510805
        -K (number of ancestral pops)          4
        -x (input file)                        /sfs/lustre/bahamut/scratch/aob2x/daphnia_hwe_sims/daps4lea.geno
        -q (individual admixture file)         /sfs/lustre/bahamut/scratch/aob2x/daphnia_hwe_sims/daps4lea.snmf/K4/run1/daps4lea_r1.4.Q
        -g (ancestral frequencies file)        /sfs/lustre/bahamut/scratch/aob2x/daphnia_hwe_sims/daps4lea.snmf/K4/run1/daps4lea_r1.4.G
        -i (number max of iterations)          200
        -a (regularization parameter)          10
        -s (seed random init)                  1663629756
        -e (tolerance error)                   1E-05
        -p (number of processes)               1
        -I (number of SNPs used to init Q)     10000
        - diploid

Read genotype file /sfs/lustre/bahamut/scratch/aob2x/daphnia_hwe_sims/daps4lea.geno:		OK.

Initialization of Q with a random subset of 10000 SNPs:
	[                                                                           ]
	[=============]
Number of iterations: 36

Main algorithm:
	[                                                                           ]
	[======]
Number of iterations: 16

Least-square error: 18791217.541403
Write individual ancestry coefficient file /sfs/lustre/bahamut/scratch/aob2x/daphnia_hwe_sims/daps4lea.snmf/K4/run1/daps4lea_r1.4.Q:		OK.
Write ancestral allele frequency coefficient file /sfs/lustre/bahamut/scratch/aob2x/daphnia_hwe_sims/daps4lea.snmf/K4/run1/daps4lea_r1.4.G:	OK.

The project is saved into :
  

To load the project, use:
 project = load.snmfProject("")

To remove the project, use:
 remove.snmfProject("")

[1] "*************************************"
[1] "* sNMF K = 5  repetition 1      *"
[1] "*************************************"
summary of the options:

        -n (number of individuals)             177
        -L (number of loci)                    510805
        -K (number of ancestral pops)          5
        -x (input file)                        /sfs/lustre/bahamut/scratch/aob2x/daphnia_hwe_sims/daps4lea.geno
        -q (individual admixture file)         /sfs/lustre/bahamut/scratch/aob2x/daphnia_hwe_sims/daps4lea.snmf/K5/run1/daps4lea_r1.5.Q
        -g (ancestral frequencies file)        /sfs/lustre/bahamut/scratch/aob2x/daphnia_hwe_sims/daps4lea.snmf/K5/run1/daps4lea_r1.5.G
        -i (number max of iterations)          200
        -a (regularization parameter)          10
        -s (seed random init)                  1663629756
        -e (tolerance error)                   1E-05
        -p (number of processes)               1
        -I (number of SNPs used to init Q)     10000
        - diploid

Read genotype file /sfs/lustre/bahamut/scratch/aob2x/daphnia_hwe_sims/daps4lea.geno:		OK.

Initialization of Q with a random subset of 10000 SNPs:
	[                                                                           ]
	[========================]
Number of iterations: 65

Main algorithm:
	[                                                                           ]
	[========]
Number of iterations: 21

Least-square error: 18344796.550541
Write individual ancestry coefficient file /sfs/lustre/bahamut/scratch/aob2x/daphnia_hwe_sims/daps4lea.snmf/K5/run1/daps4lea_r1.5.Q:		OK.
Write ancestral allele frequency coefficient file /sfs/lustre/bahamut/scratch/aob2x/daphnia_hwe_sims/daps4lea.snmf/K5/run1/daps4lea_r1.5.G:	OK.

The project is saved into :
  

To load the project, use:
 project = load.snmfProject("")

To remove the project, use:
 remove.snmfProject("")

[1] "*************************************"
[1] "* sNMF K = 6  repetition 1      *"
[1] "*************************************"
summary of the options:

        -n (number of individuals)             177
        -L (number of loci)                    510805
        -K (number of ancestral pops)          6
        -x (input file)                        /sfs/lustre/bahamut/scratch/aob2x/daphnia_hwe_sims/daps4lea.geno
        -q (individual admixture file)         /sfs/lustre/bahamut/scratch/aob2x/daphnia_hwe_sims/daps4lea.snmf/K6/run1/daps4lea_r1.6.Q
        -g (ancestral frequencies file)        /sfs/lustre/bahamut/scratch/aob2x/daphnia_hwe_sims/daps4lea.snmf/K6/run1/daps4lea_r1.6.G
        -i (number max of iterations)          200
        -a (regularization parameter)          10
        -s (seed random init)                  1663629756
        -e (tolerance error)                   1E-05
        -p (number of processes)               1
        -I (number of SNPs used to init Q)     10000
        - diploid

Read genotype file /sfs/lustre/bahamut/scratch/aob2x/daphnia_hwe_sims/daps4lea.geno:		OK.

Initialization of Q with a random subset of 10000 SNPs:
	[                                                                           ]
	[=========================]
Number of iterations: 68

Main algorithm:
	[                                                                           ]
	[==============================]
Number of iterations: 81

Least-square error: 18000649.979258
Write individual ancestry coefficient file /sfs/lustre/bahamut/scratch/aob2x/daphnia_hwe_sims/daps4lea.snmf/K6/run1/daps4lea_r1.6.Q:		OK.
Write ancestral allele frequency coefficient file /sfs/lustre/bahamut/scratch/aob2x/daphnia_hwe_sims/daps4lea.snmf/K6/run1/daps4lea_r1.6.G:	OK.

The project is saved into :
  

To load the project, use:
 project = load.snmfProject("")

To remove the project, use:
 remove.snmfProject("")

[1] "*************************************"
[1] "* sNMF K = 7  repetition 1      *"
[1] "*************************************"
summary of the options:

        -n (number of individuals)             177
        -L (number of loci)                    510805
        -K (number of ancestral pops)          7
        -x (input file)                        /sfs/lustre/bahamut/scratch/aob2x/daphnia_hwe_sims/daps4lea.geno
        -q (individual admixture file)         /sfs/lustre/bahamut/scratch/aob2x/daphnia_hwe_sims/daps4lea.snmf/K7/run1/daps4lea_r1.7.Q
        -g (ancestral frequencies file)        /sfs/lustre/bahamut/scratch/aob2x/daphnia_hwe_sims/daps4lea.snmf/K7/run1/daps4lea_r1.7.G
        -i (number max of iterations)          200
        -a (regularization parameter)          10
        -s (seed random init)                  1663629756
        -e (tolerance error)                   1E-05
        -p (number of processes)               1
        -I (number of SNPs used to init Q)     10000
        - diploid

Read genotype file /sfs/lustre/bahamut/scratch/aob2x/daphnia_hwe_sims/daps4lea.geno:		OK.

Initialization of Q with a random subset of 10000 SNPs:
	[                                                                           ]
	[================]
Number of iterations: 42

Main algorithm:
	[                                                                           ]
	[==================================================]
Number of iterations: 133

Least-square error: 17652332.410042
Write individual ancestry coefficient file /sfs/lustre/bahamut/scratch/aob2x/daphnia_hwe_sims/daps4lea.snmf/K7/run1/daps4lea_r1.7.Q:		OK.
Write ancestral allele frequency coefficient file /sfs/lustre/bahamut/scratch/aob2x/daphnia_hwe_sims/daps4lea.snmf/K7/run1/daps4lea_r1.7.G:	OK.

The project is saved into :
  

To load the project, use:
 project = load.snmfProject("")

To remove the project, use:
 remove.snmfProject("")

[1] "*************************************"
[1] "* sNMF K = 8  repetition 1      *"
[1] "*************************************"
summary of the options:

        -n (number of individuals)             177
        -L (number of loci)                    510805
        -K (number of ancestral pops)          8
        -x (input file)                        /sfs/lustre/bahamut/scratch/aob2x/daphnia_hwe_sims/daps4lea.geno
        -q (individual admixture file)         /sfs/lustre/bahamut/scratch/aob2x/daphnia_hwe_sims/daps4lea.snmf/K8/run1/daps4lea_r1.8.Q
        -g (ancestral frequencies file)        /sfs/lustre/bahamut/scratch/aob2x/daphnia_hwe_sims/daps4lea.snmf/K8/run1/daps4lea_r1.8.G
        -i (number max of iterations)          200
        -a (regularization parameter)          10
        -s (seed random init)                  1663629756
        -e (tolerance error)                   1E-05
        -p (number of processes)               1
        -I (number of SNPs used to init Q)     10000
        - diploid

Read genotype file /sfs/lustre/bahamut/scratch/aob2x/daphnia_hwe_sims/daps4lea.geno:		OK.

Initialization of Q with a random subset of 10000 SNPs:
	[                                                                           ]
	[==============================]
Number of iterations: 81

Main algorithm:
	[                                                                           ]
	[========]
Number of iterations: 22

Least-square error: 17356620.005393
Write individual ancestry coefficient file /sfs/lustre/bahamut/scratch/aob2x/daphnia_hwe_sims/daps4lea.snmf/K8/run1/daps4lea_r1.8.Q:		OK.
Write ancestral allele frequency coefficient file /sfs/lustre/bahamut/scratch/aob2x/daphnia_hwe_sims/daps4lea.snmf/K8/run1/daps4lea_r1.8.G:	OK.

The project is saved into :
  

To load the project, use:
 project = load.snmfProject("")

To remove the project, use:
 remove.snmfProject("")

[1] "*************************************"
[1] "* sNMF K = 9  repetition 1      *"
[1] "*************************************"
summary of the options:

        -n (number of individuals)             177
        -L (number of loci)                    510805
        -K (number of ancestral pops)          9
        -x (input file)                        /sfs/lustre/bahamut/scratch/aob2x/daphnia_hwe_sims/daps4lea.geno
        -q (individual admixture file)         /sfs/lustre/bahamut/scratch/aob2x/daphnia_hwe_sims/daps4lea.snmf/K9/run1/daps4lea_r1.9.Q
        -g (ancestral frequencies file)        /sfs/lustre/bahamut/scratch/aob2x/daphnia_hwe_sims/daps4lea.snmf/K9/run1/daps4lea_r1.9.G
        -i (number max of iterations)          200
        -a (regularization parameter)          10
        -s (seed random init)                  1663629756
        -e (tolerance error)                   1E-05
        -p (number of processes)               1
        -I (number of SNPs used to init Q)     10000
        - diploid

Read genotype file /sfs/lustre/bahamut/scratch/aob2x/daphnia_hwe_sims/daps4lea.geno:		OK.

Initialization of Q with a random subset of 10000 SNPs:
	[                                                                           ]
	[======================]
Number of iterations: 60

Main algorithm:
	[                                                                           ]
	[======]
Number of iterations: 16

Least-square error: 17104840.568245
Write individual ancestry coefficient file /sfs/lustre/bahamut/scratch/aob2x/daphnia_hwe_sims/daps4lea.snmf/K9/run1/daps4lea_r1.9.Q:		OK.
Write ancestral allele frequency coefficient file /sfs/lustre/bahamut/scratch/aob2x/daphnia_hwe_sims/daps4lea.snmf/K9/run1/daps4lea_r1.9.G:	OK.

The project is saved into :
  

To load the project, use:
 project = load.snmfProject("")

To remove the project, use:
 remove.snmfProject("")

[1] "*************************************"
[1] "* sNMF K = 10  repetition 1      *"
[1] "*************************************"
summary of the options:

        -n (number of individuals)             177
        -L (number of loci)                    510805
        -K (number of ancestral pops)          10
        -x (input file)                        /sfs/lustre/bahamut/scratch/aob2x/daphnia_hwe_sims/daps4lea.geno
        -q (individual admixture file)         /sfs/lustre/bahamut/scratch/aob2x/daphnia_hwe_sims/daps4lea.snmf/K10/run1/daps4lea_r1.10.Q
        -g (ancestral frequencies file)        /sfs/lustre/bahamut/scratch/aob2x/daphnia_hwe_sims/daps4lea.snmf/K10/run1/daps4lea_r1.10.G
        -i (number max of iterations)          200
        -a (regularization parameter)          10
        -s (seed random init)                  1663629756
        -e (tolerance error)                   1E-05
        -p (number of processes)               1
        -I (number of SNPs used to init Q)     10000
        - diploid

Read genotype file /sfs/lustre/bahamut/scratch/aob2x/daphnia_hwe_sims/daps4lea.geno:		OK.

Initialization of Q with a random subset of 10000 SNPs:
	[                                                                           ]
	[============================================================]
Number of iterations: 160

Main algorithm:
	[                                                                           ]
	[==================]
Number of iterations: 47

Least-square error: 16872964.980952
Write individual ancestry coefficient file /sfs/lustre/bahamut/scratch/aob2x/daphnia_hwe_sims/daps4lea.snmf/K10/run1/daps4lea_r1.10.Q:		OK.
Write ancestral allele frequency coefficient file /sfs/lustre/bahamut/scratch/aob2x/daphnia_hwe_sims/daps4lea.snmf/K10/run1/daps4lea_r1.10.G:	OK.

The project is saved into :
  

To load the project, use:
 project = load.snmfProject("")

To remove the project, use:
 remove.snmfProject("")

