The project is saved into :
  

To load the project, use:
 project = load.snmfProject("")

To remove the project, use:
 remove.snmfProject("")

[1] 140254637
[1] "*************************************"
[1] "*          create.dataset            *"
[1] "*************************************"
summary of the options:

        -n (number of individuals)                 177
        -L (number of loci)                        2399653
        -s (seed random init)                      140254637
        -r (percentage of masked data)             0.05
        -x (genotype file in .geno format)         /sfs/lustre/bahamut/scratch/aob2x/daphnia_hwe_sims/daps4lea.geno
        -o (output file in .geno format)           /sfs/lustre/bahamut/scratch/aob2x/daphnia_hwe_sims/daps4lea.snmf/masked/daps4lea_I.geno

 Write genotype file with masked data, /sfs/lustre/bahamut/scratch/aob2x/daphnia_hwe_sims/daps4lea.snmf/masked/daps4lea_I.geno:		OK.

[1] "*************************************"
[1] "* sNMF K = 1  repetition 1      *"
[1] "*************************************"
summary of the options:

        -n (number of individuals)             177
        -L (number of loci)                    2399653
        -K (number of ancestral pops)          1
        -x (input file)                        /sfs/lustre/bahamut/scratch/aob2x/daphnia_hwe_sims/daps4lea.snmf/masked/daps4lea_I.geno
        -q (individual admixture file)         /sfs/lustre/bahamut/scratch/aob2x/daphnia_hwe_sims/daps4lea.snmf/K1/run1/daps4lea_r1.1.Q
        -g (ancestral frequencies file)        /sfs/lustre/bahamut/scratch/aob2x/daphnia_hwe_sims/daps4lea.snmf/K1/run1/daps4lea_r1.1.G
        -i (number max of iterations)          200
        -a (regularization parameter)          10
        -s (seed random init)                  140254637
        -e (tolerance error)                   1E-05
        -p (number of processes)               10
        - diploid

Read genotype file /sfs/lustre/bahamut/scratch/aob2x/daphnia_hwe_sims/daps4lea.snmf/masked/daps4lea_I.geno:		OK.


Main algorithm:

Least-square error: 25534214.758304
Write individual ancestry coefficient file /sfs/lustre/bahamut/scratch/aob2x/daphnia_hwe_sims/daps4lea.snmf/K1/run1/daps4lea_r1.1.Q:		OK.
Write ancestral allele frequency coefficient file /sfs/lustre/bahamut/scratch/aob2x/daphnia_hwe_sims/daps4lea.snmf/K1/run1/daps4lea_r1.1.G:	OK.

[1] "*************************************"
[1] "*    cross-entropy estimation       *"
[1] "*************************************"
summary of the options:

        -n (number of individuals)         177
        -L (number of loci)                2399653
        -K (number of ancestral pops)      1
        -x (genotype file)                 /sfs/lustre/bahamut/scratch/aob2x/daphnia_hwe_sims/daps4lea.geno
        -q (individual admixture)          /sfs/lustre/bahamut/scratch/aob2x/daphnia_hwe_sims/daps4lea.snmf/K1/run1/daps4lea_r1.1.Q
        -g (ancestral frequencies)         /sfs/lustre/bahamut/scratch/aob2x/daphnia_hwe_sims/daps4lea.snmf/K1/run1/daps4lea_r1.1.G
        -i (with masked genotypes)         /sfs/lustre/bahamut/scratch/aob2x/daphnia_hwe_sims/daps4lea.snmf/masked/daps4lea_I.geno
        - diploid

Cross-Entropy (all data):	 0.112704
Cross-Entropy (masked data):	 0.133652
The project is saved into :
  

To load the project, use:
 project = load.snmfProject("")

To remove the project, use:
 remove.snmfProject("")

[1] "*************************************"
[1] "* sNMF K = 2  repetition 1      *"
[1] "*************************************"
summary of the options:

        -n (number of individuals)             177
        -L (number of loci)                    2399653
        -K (number of ancestral pops)          2
        -x (input file)                        /sfs/lustre/bahamut/scratch/aob2x/daphnia_hwe_sims/daps4lea.snmf/masked/daps4lea_I.geno
        -q (individual admixture file)         /sfs/lustre/bahamut/scratch/aob2x/daphnia_hwe_sims/daps4lea.snmf/K2/run1/daps4lea_r1.2.Q
        -g (ancestral frequencies file)        /sfs/lustre/bahamut/scratch/aob2x/daphnia_hwe_sims/daps4lea.snmf/K2/run1/daps4lea_r1.2.G
        -i (number max of iterations)          200
        -a (regularization parameter)          10
        -s (seed random init)                  140254637
        -e (tolerance error)                   1E-05
        -p (number of processes)               10
        - diploid

Read genotype file /sfs/lustre/bahamut/scratch/aob2x/daphnia_hwe_sims/daps4lea.snmf/masked/daps4lea_I.geno:		OK.


Main algorithm:
	[                                                                           ]
	[=============]
Number of iterations: 35

Least-square error: 24359968.076805
Write individual ancestry coefficient file /sfs/lustre/bahamut/scratch/aob2x/daphnia_hwe_sims/daps4lea.snmf/K2/run1/daps4lea_r1.2.Q:		OK.
Write ancestral allele frequency coefficient file /sfs/lustre/bahamut/scratch/aob2x/daphnia_hwe_sims/daps4lea.snmf/K2/run1/daps4lea_r1.2.G:	OK.

[1] "*************************************"
[1] "*    cross-entropy estimation       *"
[1] "*************************************"
summary of the options:

        -n (number of individuals)         177
        -L (number of loci)                2399653
        -K (number of ancestral pops)      2
        -x (genotype file)                 /sfs/lustre/bahamut/scratch/aob2x/daphnia_hwe_sims/daps4lea.geno
        -q (individual admixture)          /sfs/lustre/bahamut/scratch/aob2x/daphnia_hwe_sims/daps4lea.snmf/K2/run1/daps4lea_r1.2.Q
        -g (ancestral frequencies)         /sfs/lustre/bahamut/scratch/aob2x/daphnia_hwe_sims/daps4lea.snmf/K2/run1/daps4lea_r1.2.G
        -i (with masked genotypes)         /sfs/lustre/bahamut/scratch/aob2x/daphnia_hwe_sims/daps4lea.snmf/masked/daps4lea_I.geno
        - diploid

Cross-Entropy (all data):	 0.104474
Cross-Entropy (masked data):	 0.134015
The project is saved into :
  

To load the project, use:
 project = load.snmfProject("")

To remove the project, use:
 remove.snmfProject("")

[1] "*************************************"
[1] "* sNMF K = 3  repetition 1      *"
[1] "*************************************"
summary of the options:

        -n (number of individuals)             177
        -L (number of loci)                    2399653
        -K (number of ancestral pops)          3
        -x (input file)                        /sfs/lustre/bahamut/scratch/aob2x/daphnia_hwe_sims/daps4lea.snmf/masked/daps4lea_I.geno
        -q (individual admixture file)         /sfs/lustre/bahamut/scratch/aob2x/daphnia_hwe_sims/daps4lea.snmf/K3/run1/daps4lea_r1.3.Q
        -g (ancestral frequencies file)        /sfs/lustre/bahamut/scratch/aob2x/daphnia_hwe_sims/daps4lea.snmf/K3/run1/daps4lea_r1.3.G
        -i (number max of iterations)          200
        -a (regularization parameter)          10
        -s (seed random init)                  140254637
        -e (tolerance error)                   1E-05
        -p (number of processes)               10
        - diploid

Read genotype file /sfs/lustre/bahamut/scratch/aob2x/daphnia_hwe_sims/daps4lea.snmf/masked/daps4lea_I.geno:		OK.


Main algorithm:
	[                                                                           ]
	[=======================================================================]
Number of iterations: 189

Least-square error: 22010552.457039
Write individual ancestry coefficient file /sfs/lustre/bahamut/scratch/aob2x/daphnia_hwe_sims/daps4lea.snmf/K3/run1/daps4lea_r1.3.Q:		OK.
Write ancestral allele frequency coefficient file /sfs/lustre/bahamut/scratch/aob2x/daphnia_hwe_sims/daps4lea.snmf/K3/run1/daps4lea_r1.3.G:	OK.

[1] "*************************************"
[1] "*    cross-entropy estimation       *"
[1] "*************************************"
summary of the options:

        -n (number of individuals)         177
        -L (number of loci)                2399653
        -K (number of ancestral pops)      3
        -x (genotype file)                 /sfs/lustre/bahamut/scratch/aob2x/daphnia_hwe_sims/daps4lea.geno
        -q (individual admixture)          /sfs/lustre/bahamut/scratch/aob2x/daphnia_hwe_sims/daps4lea.snmf/K3/run1/daps4lea_r1.3.Q
        -g (ancestral frequencies)         /sfs/lustre/bahamut/scratch/aob2x/daphnia_hwe_sims/daps4lea.snmf/K3/run1/daps4lea_r1.3.G
        -i (with masked genotypes)         /sfs/lustre/bahamut/scratch/aob2x/daphnia_hwe_sims/daps4lea.snmf/masked/daps4lea_I.geno
        - diploid

Cross-Entropy (all data):	 0.0840371
Cross-Entropy (masked data):	 0.124509
The project is saved into :
  

To load the project, use:
 project = load.snmfProject("")

To remove the project, use:
 remove.snmfProject("")

[1] "*************************************"
[1] "* sNMF K = 4  repetition 1      *"
[1] "*************************************"
summary of the options:

        -n (number of individuals)             177
        -L (number of loci)                    2399653
        -K (number of ancestral pops)          4
        -x (input file)                        /sfs/lustre/bahamut/scratch/aob2x/daphnia_hwe_sims/daps4lea.snmf/masked/daps4lea_I.geno
        -q (individual admixture file)         /sfs/lustre/bahamut/scratch/aob2x/daphnia_hwe_sims/daps4lea.snmf/K4/run1/daps4lea_r1.4.Q
        -g (ancestral frequencies file)        /sfs/lustre/bahamut/scratch/aob2x/daphnia_hwe_sims/daps4lea.snmf/K4/run1/daps4lea_r1.4.G
        -i (number max of iterations)          200
        -a (regularization parameter)          10
        -s (seed random init)                  140254637
        -e (tolerance error)                   1E-05
        -p (number of processes)               10
        - diploid

Read genotype file /sfs/lustre/bahamut/scratch/aob2x/daphnia_hwe_sims/daps4lea.snmf/masked/daps4lea_I.geno:		OK.


Main algorithm:
	[                                                                           ]
	[============]
Number of iterations: 32

Least-square error: 21819837.744575
Write individual ancestry coefficient file /sfs/lustre/bahamut/scratch/aob2x/daphnia_hwe_sims/daps4lea.snmf/K4/run1/daps4lea_r1.4.Q:		OK.
Write ancestral allele frequency coefficient file /sfs/lustre/bahamut/scratch/aob2x/daphnia_hwe_sims/daps4lea.snmf/K4/run1/daps4lea_r1.4.G:	OK.

[1] "*************************************"
[1] "*    cross-entropy estimation       *"
[1] "*************************************"
summary of the options:

        -n (number of individuals)         177
        -L (number of loci)                2399653
        -K (number of ancestral pops)      4
        -x (genotype file)                 /sfs/lustre/bahamut/scratch/aob2x/daphnia_hwe_sims/daps4lea.geno
        -q (individual admixture)          /sfs/lustre/bahamut/scratch/aob2x/daphnia_hwe_sims/daps4lea.snmf/K4/run1/daps4lea_r1.4.Q
        -g (ancestral frequencies)         /sfs/lustre/bahamut/scratch/aob2x/daphnia_hwe_sims/daps4lea.snmf/K4/run1/daps4lea_r1.4.G
        -i (with masked genotypes)         /sfs/lustre/bahamut/scratch/aob2x/daphnia_hwe_sims/daps4lea.snmf/masked/daps4lea_I.geno
        - diploid

Cross-Entropy (all data):	 0.0869651
Cross-Entropy (masked data):	 0.129306
The project is saved into :
  

To load the project, use:
 project = load.snmfProject("")

To remove the project, use:
 remove.snmfProject("")

[1] "*************************************"
[1] "* sNMF K = 5  repetition 1      *"
[1] "*************************************"
summary of the options:

        -n (number of individuals)             177
        -L (number of loci)                    2399653
        -K (number of ancestral pops)          5
        -x (input file)                        /sfs/lustre/bahamut/scratch/aob2x/daphnia_hwe_sims/daps4lea.snmf/masked/daps4lea_I.geno
        -q (individual admixture file)         /sfs/lustre/bahamut/scratch/aob2x/daphnia_hwe_sims/daps4lea.snmf/K5/run1/daps4lea_r1.5.Q
        -g (ancestral frequencies file)        /sfs/lustre/bahamut/scratch/aob2x/daphnia_hwe_sims/daps4lea.snmf/K5/run1/daps4lea_r1.5.G
        -i (number max of iterations)          200
        -a (regularization parameter)          10
        -s (seed random init)                  140254637
        -e (tolerance error)                   1E-05
        -p (number of processes)               10
        - diploid

Read genotype file /sfs/lustre/bahamut/scratch/aob2x/daphnia_hwe_sims/daps4lea.snmf/masked/daps4lea_I.geno:		OK.


Main algorithm:
	[                                                                           ]
	[==============]
Number of iterations: 37

Least-square error: 19640633.226394
Write individual ancestry coefficient file /sfs/lustre/bahamut/scratch/aob2x/daphnia_hwe_sims/daps4lea.snmf/K5/run1/daps4lea_r1.5.Q:		OK.
Write ancestral allele frequency coefficient file /sfs/lustre/bahamut/scratch/aob2x/daphnia_hwe_sims/daps4lea.snmf/K5/run1/daps4lea_r1.5.G:	OK.

[1] "*************************************"
[1] "*    cross-entropy estimation       *"
[1] "*************************************"
summary of the options:

        -n (number of individuals)         177
        -L (number of loci)                2399653
        -K (number of ancestral pops)      5
        -x (genotype file)                 /sfs/lustre/bahamut/scratch/aob2x/daphnia_hwe_sims/daps4lea.geno
        -q (individual admixture)          /sfs/lustre/bahamut/scratch/aob2x/daphnia_hwe_sims/daps4lea.snmf/K5/run1/daps4lea_r1.5.Q
        -g (ancestral frequencies)         /sfs/lustre/bahamut/scratch/aob2x/daphnia_hwe_sims/daps4lea.snmf/K5/run1/daps4lea_r1.5.G
        -i (with masked genotypes)         /sfs/lustre/bahamut/scratch/aob2x/daphnia_hwe_sims/daps4lea.snmf/masked/daps4lea_I.geno
        - diploid

Cross-Entropy (all data):	 0.0726318
Cross-Entropy (masked data):	 0.126209
The project is saved into :
  

To load the project, use:
 project = load.snmfProject("")

To remove the project, use:
 remove.snmfProject("")

[1] "*************************************"
[1] "* sNMF K = 6  repetition 1      *"
[1] "*************************************"
summary of the options:

        -n (number of individuals)             177
        -L (number of loci)                    2399653
        -K (number of ancestral pops)          6
        -x (input file)                        /sfs/lustre/bahamut/scratch/aob2x/daphnia_hwe_sims/daps4lea.snmf/masked/daps4lea_I.geno
        -q (individual admixture file)         /sfs/lustre/bahamut/scratch/aob2x/daphnia_hwe_sims/daps4lea.snmf/K6/run1/daps4lea_r1.6.Q
        -g (ancestral frequencies file)        /sfs/lustre/bahamut/scratch/aob2x/daphnia_hwe_sims/daps4lea.snmf/K6/run1/daps4lea_r1.6.G
        -i (number max of iterations)          200
        -a (regularization parameter)          10
        -s (seed random init)                  140254637
        -e (tolerance error)                   1E-05
        -p (number of processes)               10
        - diploid

Read genotype file /sfs/lustre/bahamut/scratch/aob2x/daphnia_hwe_sims/daps4lea.snmf/masked/daps4lea_I.geno:		OK.


Main algorithm:
	[                                                                           ]
	[==============]
Number of iterations: 37

Least-square error: 19090895.882471
Write individual ancestry coefficient file /sfs/lustre/bahamut/scratch/aob2x/daphnia_hwe_sims/daps4lea.snmf/K6/run1/daps4lea_r1.6.Q:		OK.
Write ancestral allele frequency coefficient file /sfs/lustre/bahamut/scratch/aob2x/daphnia_hwe_sims/daps4lea.snmf/K6/run1/daps4lea_r1.6.G:	OK.

[1] "*************************************"
[1] "*    cross-entropy estimation       *"
[1] "*************************************"
summary of the options:

        -n (number of individuals)         177
        -L (number of loci)                2399653
        -K (number of ancestral pops)      6
        -x (genotype file)                 /sfs/lustre/bahamut/scratch/aob2x/daphnia_hwe_sims/daps4lea.geno
        -q (individual admixture)          /sfs/lustre/bahamut/scratch/aob2x/daphnia_hwe_sims/daps4lea.snmf/K6/run1/daps4lea_r1.6.Q
        -g (ancestral frequencies)         /sfs/lustre/bahamut/scratch/aob2x/daphnia_hwe_sims/daps4lea.snmf/K6/run1/daps4lea_r1.6.G
        -i (with masked genotypes)         /sfs/lustre/bahamut/scratch/aob2x/daphnia_hwe_sims/daps4lea.snmf/masked/daps4lea_I.geno
        - diploid

Cross-Entropy (all data):	 0.0701577
Cross-Entropy (masked data):	 0.124452
The project is saved into :
  

To load the project, use:
 project = load.snmfProject("")

To remove the project, use:
 remove.snmfProject("")

[1] "*************************************"
[1] "* sNMF K = 7  repetition 1      *"
[1] "*************************************"
summary of the options:

        -n (number of individuals)             177
        -L (number of loci)                    2399653
        -K (number of ancestral pops)          7
        -x (input file)                        /sfs/lustre/bahamut/scratch/aob2x/daphnia_hwe_sims/daps4lea.snmf/masked/daps4lea_I.geno
        -q (individual admixture file)         /sfs/lustre/bahamut/scratch/aob2x/daphnia_hwe_sims/daps4lea.snmf/K7/run1/daps4lea_r1.7.Q
        -g (ancestral frequencies file)        /sfs/lustre/bahamut/scratch/aob2x/daphnia_hwe_sims/daps4lea.snmf/K7/run1/daps4lea_r1.7.G
        -i (number max of iterations)          200
        -a (regularization parameter)          10
        -s (seed random init)                  140254637
        -e (tolerance error)                   1E-05
        -p (number of processes)               10
        - diploid

Read genotype file /sfs/lustre/bahamut/scratch/aob2x/daphnia_hwe_sims/daps4lea.snmf/masked/daps4lea_I.geno:		OK.


Main algorithm:
	[                                                                           ]
	[================]
Number of iterations: 42

Least-square error: 18671356.587928
Write individual ancestry coefficient file /sfs/lustre/bahamut/scratch/aob2x/daphnia_hwe_sims/daps4lea.snmf/K7/run1/daps4lea_r1.7.Q:		OK.
Write ancestral allele frequency coefficient file /sfs/lustre/bahamut/scratch/aob2x/daphnia_hwe_sims/daps4lea.snmf/K7/run1/daps4lea_r1.7.G:	OK.

[1] "*************************************"
[1] "*    cross-entropy estimation       *"
[1] "*************************************"
summary of the options:

        -n (number of individuals)         177
        -L (number of loci)                2399653
        -K (number of ancestral pops)      7
        -x (genotype file)                 /sfs/lustre/bahamut/scratch/aob2x/daphnia_hwe_sims/daps4lea.geno
        -q (individual admixture)          /sfs/lustre/bahamut/scratch/aob2x/daphnia_hwe_sims/daps4lea.snmf/K7/run1/daps4lea_r1.7.Q
        -g (ancestral frequencies)         /sfs/lustre/bahamut/scratch/aob2x/daphnia_hwe_sims/daps4lea.snmf/K7/run1/daps4lea_r1.7.G
        -i (with masked genotypes)         /sfs/lustre/bahamut/scratch/aob2x/daphnia_hwe_sims/daps4lea.snmf/masked/daps4lea_I.geno
        - diploid

Cross-Entropy (all data):	 0.0682547
Cross-Entropy (masked data):	 0.123344
The project is saved into :
  

To load the project, use:
 project = load.snmfProject("")

To remove the project, use:
 remove.snmfProject("")

[1] "*************************************"
[1] "* sNMF K = 8  repetition 1      *"
[1] "*************************************"
summary of the options:

        -n (number of individuals)             177
        -L (number of loci)                    2399653
        -K (number of ancestral pops)          8
        -x (input file)                        /sfs/lustre/bahamut/scratch/aob2x/daphnia_hwe_sims/daps4lea.snmf/masked/daps4lea_I.geno
        -q (individual admixture file)         /sfs/lustre/bahamut/scratch/aob2x/daphnia_hwe_sims/daps4lea.snmf/K8/run1/daps4lea_r1.8.Q
        -g (ancestral frequencies file)        /sfs/lustre/bahamut/scratch/aob2x/daphnia_hwe_sims/daps4lea.snmf/K8/run1/daps4lea_r1.8.G
        -i (number max of iterations)          200
        -a (regularization parameter)          10
        -s (seed random init)                  140254637
        -e (tolerance error)                   1E-05
        -p (number of processes)               10
        - diploid

Read genotype file /sfs/lustre/bahamut/scratch/aob2x/daphnia_hwe_sims/daps4lea.snmf/masked/daps4lea_I.geno:		OK.


Main algorithm:
	[                                                                           ]
	[=====================]
Number of iterations: 55

Least-square error: 18430808.324891
Write individual ancestry coefficient file /sfs/lustre/bahamut/scratch/aob2x/daphnia_hwe_sims/daps4lea.snmf/K8/run1/daps4lea_r1.8.Q:		OK.
Write ancestral allele frequency coefficient file /sfs/lustre/bahamut/scratch/aob2x/daphnia_hwe_sims/daps4lea.snmf/K8/run1/daps4lea_r1.8.G:	OK.

[1] "*************************************"
[1] "*    cross-entropy estimation       *"
[1] "*************************************"
summary of the options:

        -n (number of individuals)         177
        -L (number of loci)                2399653
        -K (number of ancestral pops)      8
        -x (genotype file)                 /sfs/lustre/bahamut/scratch/aob2x/daphnia_hwe_sims/daps4lea.geno
        -q (individual admixture)          /sfs/lustre/bahamut/scratch/aob2x/daphnia_hwe_sims/daps4lea.snmf/K8/run1/daps4lea_r1.8.Q
        -g (ancestral frequencies)         /sfs/lustre/bahamut/scratch/aob2x/daphnia_hwe_sims/daps4lea.snmf/K8/run1/daps4lea_r1.8.G
        -i (with masked genotypes)         /sfs/lustre/bahamut/scratch/aob2x/daphnia_hwe_sims/daps4lea.snmf/masked/daps4lea_I.geno
        - diploid

Cross-Entropy (all data):	 0.0674039
Cross-Entropy (masked data):	 0.123331
The project is saved into :
  

To load the project, use:
 project = load.snmfProject("")

To remove the project, use:
 remove.snmfProject("")

[1] "*************************************"
[1] "* sNMF K = 9  repetition 1      *"
[1] "*************************************"
summary of the options:

        -n (number of individuals)             177
        -L (number of loci)                    2399653
        -K (number of ancestral pops)          9
        -x (input file)                        /sfs/lustre/bahamut/scratch/aob2x/daphnia_hwe_sims/daps4lea.snmf/masked/daps4lea_I.geno
        -q (individual admixture file)         /sfs/lustre/bahamut/scratch/aob2x/daphnia_hwe_sims/daps4lea.snmf/K9/run1/daps4lea_r1.9.Q
        -g (ancestral frequencies file)        /sfs/lustre/bahamut/scratch/aob2x/daphnia_hwe_sims/daps4lea.snmf/K9/run1/daps4lea_r1.9.G
        -i (number max of iterations)          200
        -a (regularization parameter)          10
        -s (seed random init)                  140254637
        -e (tolerance error)                   1E-05
        -p (number of processes)               10
        - diploid

Read genotype file /sfs/lustre/bahamut/scratch/aob2x/daphnia_hwe_sims/daps4lea.snmf/masked/daps4lea_I.geno:		OK.


Main algorithm:
	[                                                                           ]
	[======================]
Number of iterations: 60

Least-square error: 18093944.349133
Write individual ancestry coefficient file /sfs/lustre/bahamut/scratch/aob2x/daphnia_hwe_sims/daps4lea.snmf/K9/run1/daps4lea_r1.9.Q:		OK.
Write ancestral allele frequency coefficient file /sfs/lustre/bahamut/scratch/aob2x/daphnia_hwe_sims/daps4lea.snmf/K9/run1/daps4lea_r1.9.G:	OK.

[1] "*************************************"
[1] "*    cross-entropy estimation       *"
[1] "*************************************"
summary of the options:

        -n (number of individuals)         177
        -L (number of loci)                2399653
        -K (number of ancestral pops)      9
        -x (genotype file)                 /sfs/lustre/bahamut/scratch/aob2x/daphnia_hwe_sims/daps4lea.geno
        -q (individual admixture)          /sfs/lustre/bahamut/scratch/aob2x/daphnia_hwe_sims/daps4lea.snmf/K9/run1/daps4lea_r1.9.Q
        -g (ancestral frequencies)         /sfs/lustre/bahamut/scratch/aob2x/daphnia_hwe_sims/daps4lea.snmf/K9/run1/daps4lea_r1.9.G
        -i (with masked genotypes)         /sfs/lustre/bahamut/scratch/aob2x/daphnia_hwe_sims/daps4lea.snmf/masked/daps4lea_I.geno
        - diploid

Cross-Entropy (all data):	 0.0658081
Cross-Entropy (masked data):	 0.123782
The project is saved into :
  

To load the project, use:
 project = load.snmfProject("")

To remove the project, use:
 remove.snmfProject("")

[1] "*************************************"
[1] "* sNMF K = 10  repetition 1      *"
[1] "*************************************"
summary of the options:

        -n (number of individuals)             177
        -L (number of loci)                    2399653
        -K (number of ancestral pops)          10
        -x (input file)                        /sfs/lustre/bahamut/scratch/aob2x/daphnia_hwe_sims/daps4lea.snmf/masked/daps4lea_I.geno
        -q (individual admixture file)         /sfs/lustre/bahamut/scratch/aob2x/daphnia_hwe_sims/daps4lea.snmf/K10/run1/daps4lea_r1.10.Q
        -g (ancestral frequencies file)        /sfs/lustre/bahamut/scratch/aob2x/daphnia_hwe_sims/daps4lea.snmf/K10/run1/daps4lea_r1.10.G
        -i (number max of iterations)          200
        -a (regularization parameter)          10
        -s (seed random init)                  140254637
        -e (tolerance error)                   1E-05
        -p (number of processes)               10
        - diploid

Read genotype file /sfs/lustre/bahamut/scratch/aob2x/daphnia_hwe_sims/daps4lea.snmf/masked/daps4lea_I.geno:		OK.


Main algorithm:
	[                                                                           ]
	[========================]
Number of iterations: 63

Least-square error: 17814702.279796
Write individual ancestry coefficient file /sfs/lustre/bahamut/scratch/aob2x/daphnia_hwe_sims/daps4lea.snmf/K10/run1/daps4lea_r1.10.Q:		OK.
Write ancestral allele frequency coefficient file /sfs/lustre/bahamut/scratch/aob2x/daphnia_hwe_sims/daps4lea.snmf/K10/run1/daps4lea_r1.10.G:	OK.

[1] "*************************************"
[1] "*    cross-entropy estimation       *"
[1] "*************************************"
summary of the options:

        -n (number of individuals)         177
        -L (number of loci)                2399653
        -K (number of ancestral pops)      10
        -x (genotype file)                 /sfs/lustre/bahamut/scratch/aob2x/daphnia_hwe_sims/daps4lea.geno
        -q (individual admixture)          /sfs/lustre/bahamut/scratch/aob2x/daphnia_hwe_sims/daps4lea.snmf/K10/run1/daps4lea_r1.10.Q
        -g (ancestral frequencies)         /sfs/lustre/bahamut/scratch/aob2x/daphnia_hwe_sims/daps4lea.snmf/K10/run1/daps4lea_r1.10.G
        -i (with masked genotypes)         /sfs/lustre/bahamut/scratch/aob2x/daphnia_hwe_sims/daps4lea.snmf/masked/daps4lea_I.geno
        - diploid

Cross-Entropy (all data):	 0.0645545
Cross-Entropy (masked data):	 0.123446
The project is saved into :
  

To load the project, use:
 project = load.snmfProject("")

To remove the project, use:
 remove.snmfProject("")

